app/build/outputs/logs/manifest-merger-release-report.txt
-- Merging decision tree log ---
manifest
ADDED from src\main\AndroidManifest.xml:2:1-559:12
	package
		ADDED from src\main\AndroidManifest.xml:3:5-32
		INJECTED from src\main\AndroidManifest.xml
		INJECTED from src\main\AndroidManifest.xml
	android:versionName
		ADDED from src\main\AndroidManifest.xml:6:5-32
		INJECTED from src\main\AndroidManifest.xml
		INJECTED from src\main\AndroidManifest.xml
	android:versionCode
		ADDED from src\main\AndroidManifest.xml:5:5-29
		INJECTED from src\main\AndroidManifest.xml
		INJECTED from src\main\AndroidManifest.xml
	xmlns:android
		ADDED from src\main\AndroidManifest.xml:2:11-69
supports-screens
ADDED from src\main\AndroidManifest.xml:8:5-13:39
	android:largeScreens
		ADDED from src\main\AndroidManifest.xml:10:9-36
	android:smallScreens
		ADDED from src\main\AndroidManifest.xml:13:9-36
	android:normalScreens
		ADDED from src\main\AndroidManifest.xml:11:9-37
	android:resizeable
		ADDED from src\main\AndroidManifest.xml:12:9-34
	android:anyDensity
		ADDED from src\main\AndroidManifest.xml:9:9-34
uses-sdk
ADDED from src\main\AndroidManifest.xml:15:5-43
	android:targetSdkVersion
		INJECTED from src\main\AndroidManifest.xml
		INJECTED from src\main\AndroidManifest.xml
	android:minSdkVersion
		ADDED from src\main\AndroidManifest.xml:15:15-40
		INJECTED from src\main\AndroidManifest.xml
		INJECTED from src\main\AndroidManifest.xml
uses-permission#android.permission.INTERNET
ADDED from src\main\AndroidManifest.xml:18:5-67
	android:name
		ADDED from src\main\AndroidManifest.xml:18:22-64
uses-permission#android.permission.WRITE_EXTERNAL_STORAGE
ADDED from src\main\AndroidManifest.xml:20:5-81
	android:name
		ADDED from src\main\AndroidManifest.xml:20:22-78
uses-permission#android.permission.ACCESS_NETWORK_STATE
ADDED from src\main\AndroidManifest.xml:22:5-78
	android:name
		ADDED from src\main\AndroidManifest.xml:22:22-76
uses-permission#android.permission.GET_TASKS
ADDED from src\main\AndroidManifest.xml:23:5-68
	android:name
		ADDED from src\main\AndroidManifest.xml:23:22-65
uses-permission#android.permission.RECORD_AUDIO
ADDED from src\main\AndroidManifest.xml:29:5-71
	android:name
		ADDED from src\main\AndroidManifest.xml:29:22-68
uses-permission#android.permission.MODIFY_AUDIO_SETTINGS
ADDED from src\main\AndroidManifest.xml:31:5-80
	android:name
		ADDED from src\main\AndroidManifest.xml:31:22-77
uses-permission#android.permission.CAMERA
ADDED from src\main\AndroidManifest.xml:37:5-65
	android:name
		ADDED from src\main\AndroidManifest.xml:37:22-62
uses-feature#android.hardware.camera
ADDED from src\main\AndroidManifest.xml:39:5-60
	android:name
		ADDED from src\main\AndroidManifest.xml:39:19-57
uses-permission#android.permission.GET_ACCOUNTS
ADDED from src\main\AndroidManifest.xml:45:5-71
	android:name
		ADDED from src\main\AndroidManifest.xml:45:22-68
uses-permission#android.permission.WRITE_CONTACTS
ADDED from src\main\AndroidManifest.xml:46:5-73
	android:name
		ADDED from src\main\AndroidManifest.xml:46:22-70
uses-permission#android.permission.READ_CONTACTS
ADDED from src\main\AndroidManifest.xml:47:5-72
	android:name
		ADDED from src\main\AndroidManifest.xml:47:22-69
uses-permission#android.permission.WAKE_LOCK
ADDED from src\main\AndroidManifest.xml:53:5-68
	android:name
		ADDED from src\main\AndroidManifest.xml:53:22-65
uses-permission#android.permission.VIBRATE
ADDED from src\main\AndroidManifest.xml:55:5-66
	android:name
		ADDED from src\main\AndroidManifest.xml:55:22-63
uses-permission#android.permission.CALL_PHONE
ADDED from src\main\AndroidManifest.xml:57:5-69
	android:name
		ADDED from src\main\AndroidManifest.xml:57:22-66
uses-permission#android.permission.ACCESS_WIFI_STATE
ADDED from src\main\AndroidManifest.xml:59:5-76
	android:name
		ADDED from src\main\AndroidManifest.xml:59:22-73
uses-permission#android.permission.READ_PHONE_STATE
ADDED from src\main\AndroidManifest.xml:62:5-75
	android:name
		ADDED from src\main\AndroidManifest.xml:62:22-72
uses-permission#android.permission.SEND_SMS
ADDED from src\main\AndroidManifest.xml:71:5-67
	android:name
		ADDED from src\main\AndroidManifest.xml:71:22-64
uses-permission#android.permission.WRITE_SMS
ADDED from src\main\AndroidManifest.xml:72:5-68
	android:name
		ADDED from src\main\AndroidManifest.xml:72:22-65
uses-permission#android.permission.READ_SMS
ADDED from src\main\AndroidManifest.xml:73:5-67
	android:name
		ADDED from src\main\AndroidManifest.xml:73:22-64
uses-permission#com.android.launcher.permission.INSTALL_SHORTCUT
ADDED from src\main\AndroidManifest.xml:81:5-88
	android:name
		ADDED from src\main\AndroidManifest.xml:81:22-85
uses-permission#com.android.launcher.permission.UNINSTALL_SHORTCUT
ADDED from src\main\AndroidManifest.xml:82:5-90
	android:name
		ADDED from src\main\AndroidManifest.xml:82:22-87
uses-feature#android.hardware.camera.autofocus
ADDED from src\main\AndroidManifest.xml:91:5-70
	android:name
		ADDED from src\main\AndroidManifest.xml:91:19-67
uses-permission#android.permission.FLASHLIGHT
ADDED from src\main\AndroidManifest.xml:94:5-69
	android:name
		ADDED from src\main\AndroidManifest.xml:94:22-66
uses-permission#android.permission.ACCESS_COARSE_LOCATION
ADDED from src\main\AndroidManifest.xml:102:5-81
	android:name
		ADDED from src\main\AndroidManifest.xml:102:22-78
uses-permission#android.permission.ACCESS_FINE_LOCATION
ADDED from src\main\AndroidManifest.xml:103:5-79
	android:name
		ADDED from src\main\AndroidManifest.xml:103:22-76
uses-permission#android.permission.WRITE_SETTINGS
ADDED from src\main\AndroidManifest.xml:104:5-73
	android:name
		ADDED from src\main\AndroidManifest.xml:104:22-70
uses-permission#android.permission.CHANGE_WIFI_STATE
ADDED from src\main\AndroidManifest.xml:106:5-76
	android:name
		ADDED from src\main\AndroidManifest.xml:106:22-73
uses-permission#android.permission.MOUNT_UNMOUNT_FILESYSTEMS
ADDED from src\main\AndroidManifest.xml:108:5-84
	android:name
		ADDED from src\main\AndroidManifest.xml:108:22-81
uses-permission#android.permission.READ_LOGS
ADDED from src\main\AndroidManifest.xml:109:5-68
	android:name
		ADDED from src\main\AndroidManifest.xml:109:22-65
uses-permission#android.permission.RECEIVE_BOOT_COMPLETED
ADDED from src\main\AndroidManifest.xml:168:5-81
	android:name
		ADDED from src\main\AndroidManifest.xml:168:22-78
uses-permission#getui.permission.GetuiService.io.dcloud.HBuilder.Hello
ADDED from src\main\AndroidManifest.xml:173:5-94
	android:name
		ADDED from src\main\AndroidManifest.xml:173:22-91
permission#getui.permission.GetuiService.io.dcloud.HBuilder.Hello
ADDED from src\main\AndroidManifest.xml:175:5-177:44
	android:protectionLevel
		ADDED from src\main\AndroidManifest.xml:177:9-41
	android:name
		ADDED from src\main\AndroidManifest.xml:176:9-78
uses-permission#android.permission.CHANGE_NETWORK_STATE
ADDED from src\main\AndroidManifest.xml:205:5-79
	android:name
		ADDED from src\main\AndroidManifest.xml:205:22-76
uses-permission#android.permission.RECEIVE_USER_PRESENT
ADDED from src\main\AndroidManifest.xml:214:5-79
	android:name
		ADDED from src\main\AndroidManifest.xml:214:22-76
uses-permission#com.xiaomi.permission.AUTH_SERVICE
ADDED from src\main\AndroidManifest.xml:223:5-73
	android:name
		ADDED from src\main\AndroidManifest.xml:223:22-71
application
ADDED from src\main\AndroidManifest.xml:227:5-557:19
	android:label
		ADDED from src\main\AndroidManifest.xml:230:9-41
	android:allowClearUserData
		ADDED from src\main\AndroidManifest.xml:228:9-42
	android:icon
		ADDED from src\main\AndroidManifest.xml:229:9-38
	android:largeHeap
		ADDED from src\main\AndroidManifest.xml:231:9-33
	android:name
		ADDED from src\main\AndroidManifest.xml:232:9-63
activity#io.dcloud.PandoraEntry
ADDED from src\main\AndroidManifest.xml:233:9-247:20
	android:screenOrientation
		ADDED from src\main\AndroidManifest.xml:240:13-45
	android:label
		ADDED from src\main\AndroidManifest.xml:236:13-45
	android:hardwareAccelerated
		ADDED from src\main\AndroidManifest.xml:238:13-47
	android:launchMode
		ADDED from src\main\AndroidManifest.xml:237:13-44
	android:windowSoftInputMode
		ADDED from src\main\AndroidManifest.xml:241:13-55
	android:configChanges
		ADDED from src\main\AndroidManifest.xml:235:13-83
	android:theme
		ADDED from src\main\AndroidManifest.xml:239:13-52
	android:name
		ADDED from src\main\AndroidManifest.xml:234:13-50
intent-filter#android.intent.action.MAIN+android.intent.category.LAUNCHER
ADDED from src\main\AndroidManifest.xml:242:13-246:29
action#android.intent.action.MAIN
ADDED from src\main\AndroidManifest.xml:243:17-69
	android:name
		ADDED from src\main\AndroidManifest.xml:243:25-66
category#android.intent.category.LAUNCHER
ADDED from src\main\AndroidManifest.xml:245:17-77
	android:name
		ADDED from src\main\AndroidManifest.xml:245:27-74
activity#io.dcloud.PandoraEntryActivity
ADDED from src\main\AndroidManifest.xml:248:9-257:20
	android:screenOrientation
		ADDED from src\main\AndroidManifest.xml:254:13-45
	android:label
		ADDED from src\main\AndroidManifest.xml:252:13-36
	android:hardwareAccelerated
		ADDED from src\main\AndroidManifest.xml:251:13-47
	android:launchMode
		ADDED from src\main\AndroidManifest.xml:253:13-44
	android:windowSoftInputMode
		ADDED from src\main\AndroidManifest.xml:256:13-55
	android:configChanges
		ADDED from src\main\AndroidManifest.xml:250:13-112
	android:theme
		ADDED from src\main\AndroidManifest.xml:255:13-47
	android:name
		ADDED from src\main\AndroidManifest.xml:249:13-58
service#io.dcloud.common.adapter.io.MiniServerService
ADDED from src\main\AndroidManifest.xml:259:9-261:39
	android:exported
		ADDED from src\main\AndroidManifest.xml:261:13-36
	android:name
		ADDED from src\main\AndroidManifest.xml:260:13-73
activity#io.dcloud.imagepick.CustomGalleryActivity
ADDED from src\main\AndroidManifest.xml:263:9-270:20
	android:name
		ADDED from src\main\AndroidManifest.xml:263:19-75
intent-filter#android.intent.category.DEFAULT+io.dcloud.ACTION_MULTIPLE_PICK+io.dcloud.ACTION_PICK
ADDED from src\main\AndroidManifest.xml:264:13-269:29
action#io.dcloud.ACTION_PICK
ADDED from src\main\AndroidManifest.xml:265:17-64
	android:name
		ADDED from src\main\AndroidManifest.xml:265:25-61
action#io.dcloud.ACTION_MULTIPLE_PICK
ADDED from src\main\AndroidManifest.xml:266:17-73
	android:name
		ADDED from src\main\AndroidManifest.xml:266:25-70
category#android.intent.category.DEFAULT
ADDED from src\main\AndroidManifest.xml:268:17-76
	android:name
		ADDED from src\main\AndroidManifest.xml:268:27-73
meta-data#UMENG_APPKEY
ADDED from src\main\AndroidManifest.xml:276:9-278:44
	android:value
		ADDED from src\main\AndroidManifest.xml:278:13-41
	android:name
		ADDED from src\main\AndroidManifest.xml:277:13-40
meta-data#UMENG_CHANNEL
ADDED from src\main\AndroidManifest.xml:279:9-281:42
	android:value
		ADDED from src\main\AndroidManifest.xml:281:13-39
	android:name
		ADDED from src\main\AndroidManifest.xml:280:13-41
meta-data#com.baidu.lbsapi.API_KEY
ADDED from src\main\AndroidManifest.xml:287:9-290:21
	android:value
		ADDED from src\main\AndroidManifest.xml:289:13-61
	android:name
		ADDED from src\main\AndroidManifest.xml:288:13-52
service#com.baidu.location.f
ADDED from src\main\AndroidManifest.xml:292:9-296:19
	android:enabled
		ADDED from src\main\AndroidManifest.xml:294:13-35
	android:process
		ADDED from src\main\AndroidManifest.xml:295:13-38
	android:name
		ADDED from src\main\AndroidManifest.xml:293:13-48
meta-data#com.amap.api.v2.apikey
ADDED from src\main\AndroidManifest.xml:301:9-303:46
	android:value
		ADDED from src\main\AndroidManifest.xml:303:13-43
	android:name
		ADDED from src\main\AndroidManifest.xml:302:13-50
meta-data#QQ_APPID
ADDED from src\main\AndroidManifest.xml:308:9-310:37
	android:value
		ADDED from src\main\AndroidManifest.xml:310:13-34
	android:name
		ADDED from src\main\AndroidManifest.xml:309:13-36
activity#com.tencent.tauth.AuthActivity
ADDED from src\main\AndroidManifest.xml:312:9-324:20
	android:launchMode
		ADDED from src\main\AndroidManifest.xml:314:13-44
	android:noHistory
		ADDED from src\main\AndroidManifest.xml:315:13-37
	android:name
		ADDED from src\main\AndroidManifest.xml:313:13-58
intent-filter#android.intent.action.VIEW+android.intent.category.BROWSABLE+android.intent.category.DEFAULT
ADDED from src\main\AndroidManifest.xml:316:13-323:29
action#android.intent.action.VIEW
ADDED from src\main\AndroidManifest.xml:317:17-69
	android:name
		ADDED from src\main\AndroidManifest.xml:317:25-66
category#android.intent.category.BROWSABLE
ADDED from src\main\AndroidManifest.xml:320:17-78
	android:name
		ADDED from src\main\AndroidManifest.xml:320:27-75
data
ADDED from src\main\AndroidManifest.xml:322:17-48
	android:scheme
		ADDED from src\main\AndroidManifest.xml:322:23-45
activity#com.tencent.connect.common.AssistActivity
ADDED from src\main\AndroidManifest.xml:325:9-328:75
	android:screenOrientation
		ADDED from src\main\AndroidManifest.xml:327:13-49
	android:theme
		ADDED from src\main\AndroidManifest.xml:328:13-72
	android:name
		ADDED from src\main\AndroidManifest.xml:326:13-69
meta-data#IFLY_APPKEY
ADDED from src\main\AndroidManifest.xml:340:9-342:40
	android:value
		ADDED from src\main\AndroidManifest.xml:342:13-37
	android:name
		ADDED from src\main\AndroidManifest.xml:341:13-39
service#com.igexin.sdk.PushService
ADDED from src\main\AndroidManifest.xml:355:9-363:19
	android:process
		ADDED from src\main\AndroidManifest.xml:359:13-43
	android:label
		ADDED from src\main\AndroidManifest.xml:358:13-47
	android:exported
		ADDED from src\main\AndroidManifest.xml:357:13-36
	android:name
		ADDED from src\main\AndroidManifest.xml:356:13-54
intent-filter#com.igexin.sdk.action.service.message
ADDED from src\main\AndroidManifest.xml:360:13-362:29
action#com.igexin.sdk.action.service.message
ADDED from src\main\AndroidManifest.xml:361:17-79
	android:name
		ADDED from src\main\AndroidManifest.xml:361:25-77
receiver#com.igexin.sdk.PushReceiver
ADDED from src\main\AndroidManifest.xml:364:9-374:20
	android:name
		ADDED from src\main\AndroidManifest.xml:364:19-61
intent-filter#android.intent.action.ACTION_POWER_CONNECTED+android.intent.action.ACTION_POWER_DISCONNECTED+android.intent.action.BOOT_COMPLETED+android.intent.action.MEDIA_MOUNTED+android.intent.action.USER_PRESENT+android.net.conn.CONNECTIVITY_CHANGE+com.igexin.sdk.action.refreshls
ADDED from src\main\AndroidManifest.xml:365:13-373:29
action#android.intent.action.BOOT_COMPLETED
ADDED from src\main\AndroidManifest.xml:366:17-78
	android:name
		ADDED from src\main\AndroidManifest.xml:366:25-76
action#android.net.conn.CONNECTIVITY_CHANGE
ADDED from src\main\AndroidManifest.xml:367:17-78
	android:name
		ADDED from src\main\AndroidManifest.xml:367:25-76
action#android.intent.action.USER_PRESENT
ADDED from src\main\AndroidManifest.xml:368:17-76
	android:name
		ADDED from src\main\AndroidManifest.xml:368:25-74
action#com.igexin.sdk.action.refreshls
ADDED from src\main\AndroidManifest.xml:369:17-73
	android:name
		ADDED from src\main\AndroidManifest.xml:369:25-71
action#android.intent.action.MEDIA_MOUNTED
ADDED from src\main\AndroidManifest.xml:370:17-77
	android:name
		ADDED from src\main\AndroidManifest.xml:370:25-75
action#android.intent.action.ACTION_POWER_CONNECTED
ADDED from src\main\AndroidManifest.xml:371:17-86
	android:name
		ADDED from src\main\AndroidManifest.xml:371:25-84
action#android.intent.action.ACTION_POWER_DISCONNECTED
ADDED from src\main\AndroidManifest.xml:372:17-89
	android:name
		ADDED from src\main\AndroidManifest.xml:372:25-87
activity#com.igexin.sdk.PushActivity
ADDED from src\main\AndroidManifest.xml:375:9-381:74
	android:process
		ADDED from src\main\AndroidManifest.xml:379:13-43
	android:excludeFromRecents
		ADDED from src\main\AndroidManifest.xml:377:13-46
	android:exported
		ADDED from src\main\AndroidManifest.xml:378:13-37
	android:theme
		ADDED from src\main\AndroidManifest.xml:381:13-72
	android:taskAffinity
		ADDED from src\main\AndroidManifest.xml:380:13-67
	android:name
		ADDED from src\main\AndroidManifest.xml:376:13-55
activity#com.igexin.sdk.GActivity
ADDED from src\main\AndroidManifest.xml:382:9-388:74
	android:process
		ADDED from src\main\AndroidManifest.xml:386:13-43
	android:excludeFromRecents
		ADDED from src\main\AndroidManifest.xml:384:13-46
	android:exported
		ADDED from src\main\AndroidManifest.xml:385:13-36
	android:theme
		ADDED from src\main\AndroidManifest.xml:388:13-72
	android:taskAffinity
		ADDED from src\main\AndroidManifest.xml:387:13-67
	android:name
		ADDED from src\main\AndroidManifest.xml:383:13-52
receiver#io.dcloud.feature.apsGt.GTNotificationReceiver
ADDED from src\main\AndroidManifest.xml:390:9-398:20
	android:name
		ADDED from src\main\AndroidManifest.xml:390:19-80
intent-filter#android.intent.action.BOOT_COMPLETED+io.dcloud.HBuilder.Hello.__CLEAR_NOTIFICATION+io.dcloud.HBuilder.Hello.__CLILK_NOTIFICATION+io.dcloud.HBuilder.Hello.__CREATE_NOTIFICATION+io.dcloud.HBuilder.Hello.__REMOVE_NOTIFICATION
ADDED from src\main\AndroidManifest.xml:391:13-397:29
action#io.dcloud.HBuilder.Hello.__CREATE_NOTIFICATION
ADDED from src\main\AndroidManifest.xml:393:17-88
	android:name
		ADDED from src\main\AndroidManifest.xml:393:25-86
action#io.dcloud.HBuilder.Hello.__REMOVE_NOTIFICATION
ADDED from src\main\AndroidManifest.xml:394:17-88
	android:name
		ADDED from src\main\AndroidManifest.xml:394:25-86
action#io.dcloud.HBuilder.Hello.__CLEAR_NOTIFICATION
ADDED from src\main\AndroidManifest.xml:395:17-87
	android:name
		ADDED from src\main\AndroidManifest.xml:395:25-85
action#io.dcloud.HBuilder.Hello.__CLILK_NOTIFICATION
ADDED from src\main\AndroidManifest.xml:396:17-87
	android:name
		ADDED from src\main\AndroidManifest.xml:396:25-85
service#io.dcloud.feature.apsGt.GTNormalIntentService
ADDED from src\main\AndroidManifest.xml:399:9-400:75
	android:name
		ADDED from src\main\AndroidManifest.xml:400:13-73
service#io.dcloud.feature.apsGt.GTNormalPushService
ADDED from src\main\AndroidManifest.xml:401:9-406:19
	android:process
		ADDED from src\main\AndroidManifest.xml:405:13-43
	android:label
		ADDED from src\main\AndroidManifest.xml:404:13-40
	android:exported
		ADDED from src\main\AndroidManifest.xml:403:13-36
	android:name
		ADDED from src\main\AndroidManifest.xml:402:13-71
meta-data#SINA_REDIRECT_URI
ADDED from src\main\AndroidManifest.xml:413:9-415:51
	android:value
		ADDED from src\main\AndroidManifest.xml:415:13-48
	android:name
		ADDED from src\main\AndroidManifest.xml:414:13-45
meta-data#SINA_SECRET
ADDED from src\main\AndroidManifest.xml:416:9-418:51
	android:value
		ADDED from src\main\AndroidManifest.xml:418:13-48
	android:name
		ADDED from src\main\AndroidManifest.xml:417:13-39
meta-data#SINA_APPKEY
ADDED from src\main\AndroidManifest.xml:419:9-421:63
	android:value
		ADDED from src\main\AndroidManifest.xml:421:13-60
	android:name
		ADDED from src\main\AndroidManifest.xml:420:13-39
activity#com.sina.weibo.sdk.web.WeiboSdkWebActivity
ADDED from src\main\AndroidManifest.xml:423:9-428:16
	android:exported
		ADDED from src\main\AndroidManifest.xml:426:9-33
	android:windowSoftInputMode
		ADDED from src\main\AndroidManifest.xml:427:9-51
	android:configChanges
		ADDED from src\main\AndroidManifest.xml:425:9-59
	android:name
		ADDED from src\main\AndroidManifest.xml:424:9-66
activity#com.sina.weibo.sdk.share.WbShareTransActivity
ADDED from src\main\AndroidManifest.xml:430:5-439:16
	android:launchMode
		ADDED from src\main\AndroidManifest.xml:432:9-40
	android:theme
		ADDED from src\main\AndroidManifest.xml:433:9-79
	android:name
		ADDED from src\main\AndroidManifest.xml:431:9-69
intent-filter#android.intent.category.DEFAULT+com.sina.weibo.sdk.action.ACTION_SDK_REQ_ACTIVITY
ADDED from src\main\AndroidManifest.xml:434:9-438:25
action#com.sina.weibo.sdk.action.ACTION_SDK_REQ_ACTIVITY
ADDED from src\main\AndroidManifest.xml:435:13-88
	android:name
		ADDED from src\main\AndroidManifest.xml:435:21-85
meta-data#TENCENT_REDIRECT_URI
ADDED from src\main\AndroidManifest.xml:442:9-444:51
	android:value
		ADDED from src\main\AndroidManifest.xml:444:13-48
	android:name
		ADDED from src\main\AndroidManifest.xml:443:13-48
meta-data#TENCENT_SECRET
ADDED from src\main\AndroidManifest.xml:445:9-447:51
	android:value
		ADDED from src\main\AndroidManifest.xml:447:13-48
	android:name
		ADDED from src\main\AndroidManifest.xml:446:13-42
meta-data#TENCENT_APPKEY
ADDED from src\main\AndroidManifest.xml:448:9-450:63
	android:value
		ADDED from src\main\AndroidManifest.xml:450:13-60
	android:name
		ADDED from src\main\AndroidManifest.xml:449:13-42
activity#io.dcloud.share.tencent.WebAuthorize
ADDED from src\main\AndroidManifest.xml:452:9-455:20
	android:theme
		ADDED from src\main\AndroidManifest.xml:454:13-60
	android:name
		ADDED from src\main\AndroidManifest.xml:453:13-64
meta-data#WX_SECRET
ADDED from src\main\AndroidManifest.xml:457:9-459:64
	android:value
		ADDED from src\main\AndroidManifest.xml:459:13-61
	android:name
		ADDED from src\main\AndroidManifest.xml:458:13-37
meta-data#WX_APPID
ADDED from src\main\AndroidManifest.xml:460:9-462:50
	android:value
		ADDED from src\main\AndroidManifest.xml:462:13-47
	android:name
		ADDED from src\main\AndroidManifest.xml:461:13-36
activity#io.dcloud.HBuilder.Hello.wxapi.WXEntryActivity
ADDED from src\main\AndroidManifest.xml:464:9-477:20
	android:label
		ADDED from src\main\AndroidManifest.xml:467:13-45
	android:launchMode
		ADDED from src\main\AndroidManifest.xml:468:13-43
	android:exported
		ADDED from src\main\AndroidManifest.xml:466:13-36
	android:theme
		ADDED from src\main\AndroidManifest.xml:469:13-72
	android:name
		ADDED from src\main\AndroidManifest.xml:465:13-74
intent-filter#android.intent.action.VIEW+android.intent.category.DEFAULT
ADDED from src\main\AndroidManifest.xml:470:13-476:29
activity#com.alipay.sdk.app.H5PayActivity
ADDED from src\main\AndroidManifest.xml:480:9-486:20
	android:screenOrientation
		ADDED from src\main\AndroidManifest.xml:484:13-47
	android:exported
		ADDED from src\main\AndroidManifest.xml:483:13-37
	android:windowSoftInputMode
		ADDED from src\main\AndroidManifest.xml:485:13-67
	android:configChanges
		ADDED from src\main\AndroidManifest.xml:482:13-74
	android:name
		ADDED from src\main\AndroidManifest.xml:481:13-60
activity#com.alipay.sdk.auth.AuthActivity
ADDED from src\main\AndroidManifest.xml:487:9-492:20
	android:screenOrientation
		ADDED from src\main\AndroidManifest.xml:491:13-47
	android:exported
		ADDED from src\main\AndroidManifest.xml:490:13-37
	android:configChanges
		ADDED from src\main\AndroidManifest.xml:489:13-74
	android:name
		ADDED from src\main\AndroidManifest.xml:488:13-60
activity#io.dcloud.HBuilder.Hello.wxapi.WXPayEntryActivity
ADDED from src\main\AndroidManifest.xml:497:9-501:75
	android:launchMode
		ADDED from src\main\AndroidManifest.xml:500:13-43
	android:exported
		ADDED from src\main\AndroidManifest.xml:499:13-36
	android:theme
		ADDED from src\main\AndroidManifest.xml:501:13-72
	android:name
		ADDED from src\main\AndroidManifest.xml:498:13-77
meta-data#MIUI_APPID
ADDED from src\main\AndroidManifest.xml:509:9-75
	android:value
		ADDED from src\main\AndroidManifest.xml:509:20-47
	android:name
		ADDED from src\main\AndroidManifest.xml:509:48-73
meta-data#MIUI_APPSECRET
ADDED from src\main\AndroidManifest.xml:510:9-82
	android:value
		ADDED from src\main\AndroidManifest.xml:510:20-50
	android:name
		ADDED from src\main\AndroidManifest.xml:510:51-80
meta-data#MIUI_REDIRECT_URI
ADDED from src\main\AndroidManifest.xml:511:9-80
	android:value
		ADDED from src\main\AndroidManifest.xml:511:20-45
	android:name
		ADDED from src\main\AndroidManifest.xml:511:46-78
activity#com.xiaomi.account.openauth.AuthorizeActivity
ADDED from src\main\AndroidManifest.xml:512:9-81
	android:name
		ADDED from src\main\AndroidManifest.xml:512:19-79
service#com.xiaomi.push.service.XMPushService
ADDED from src\main\AndroidManifest.xml:519:9-126
	android:enabled
		ADDED from src\main\AndroidManifest.xml:519:18-40
	android:process
		ADDED from src\main\AndroidManifest.xml:519:41-71
	android:name
		ADDED from src\main\AndroidManifest.xml:519:72-124
service#com.xiaomi.push.service.XMJobService
ADDED from src\main\AndroidManifest.xml:520:9-207
	android:enabled
		ADDED from src\main\AndroidManifest.xml:520:70-92
	android:process
		ADDED from src\main\AndroidManifest.xml:520:175-205
	android:exported
		ADDED from src\main\AndroidManifest.xml:520:93-117
	android:permission
		ADDED from src\main\AndroidManifest.xml:520:118-174
	android:name
		ADDED from src\main\AndroidManifest.xml:520:18-69
service#com.xiaomi.mipush.sdk.PushMessageHandler
ADDED from src\main\AndroidManifest.xml:521:9-122
	android:enabled
		ADDED from src\main\AndroidManifest.xml:521:18-40
	android:exported
		ADDED from src\main\AndroidManifest.xml:521:41-64
	android:name
		ADDED from src\main\AndroidManifest.xml:521:65-120
service#com.xiaomi.mipush.sdk.MessageHandleService
ADDED from src\main\AndroidManifest.xml:522:9-100
	android:enabled
		ADDED from src\main\AndroidManifest.xml:522:18-40
	android:name
		ADDED from src\main\AndroidManifest.xml:522:41-98
receiver#com.xiaomi.push.service.receivers.NetworkStatusReceiver
ADDED from src\main\AndroidManifest.xml:523:9-528:20
	android:exported
		ADDED from src\main\AndroidManifest.xml:523:19-42
	android:name
		ADDED from src\main\AndroidManifest.xml:523:43-113
intent-filter#android.intent.category.DEFAULT+android.net.conn.CONNECTIVITY_CHANGE
ADDED from src\main\AndroidManifest.xml:524:9-527:25
receiver#com.xiaomi.push.service.receivers.PingReceiver
ADDED from src\main\AndroidManifest.xml:529:9-533:20
	android:process
		ADDED from src\main\AndroidManifest.xml:529:44-74
	android:exported
		ADDED from src\main\AndroidManifest.xml:529:19-43
	android:name
		ADDED from src\main\AndroidManifest.xml:529:75-136
intent-filter#com.xiaomi.push.PING_TIMER
ADDED from src\main\AndroidManifest.xml:530:9-532:25
action#com.xiaomi.push.PING_TIMER
ADDED from src\main\AndroidManifest.xml:531:9-60
	android:name
		ADDED from src\main\AndroidManifest.xml:531:17-58
receiver#io.dcloud.feature.apsXm.XMMessageReceiver
ADDED from src\main\AndroidManifest.xml:534:9-544:20
	android:exported
		ADDED from src\main\AndroidManifest.xml:534:19-42
	android:name
		ADDED from src\main\AndroidManifest.xml:534:43-99
intent-filter#com.xiaomi.mipush.RECEIVE_MESSAGE
ADDED from src\main\AndroidManifest.xml:535:9-537:25
action#com.xiaomi.mipush.RECEIVE_MESSAGE
ADDED from src\main\AndroidManifest.xml:536:9-67
	android:name
		ADDED from src\main\AndroidManifest.xml:536:17-65
intent-filter#com.xiaomi.mipush.MESSAGE_ARRIVED
ADDED from src\main\AndroidManifest.xml:538:9-540:25
action#com.xiaomi.mipush.MESSAGE_ARRIVED
ADDED from src\main\AndroidManifest.xml:539:9-67
	android:name
		ADDED from src\main\AndroidManifest.xml:539:17-65
intent-filter#com.xiaomi.mipush.ERROR
ADDED from src\main\AndroidManifest.xml:541:9-543:25
action#com.xiaomi.mipush.ERROR
ADDED from src\main\AndroidManifest.xml:542:9-57
	android:name
		ADDED from src\main\AndroidManifest.xml:542:17-55
receiver#io.dcloud.feature.apsXm.XMNotificationReceiver
ADDED from src\main\AndroidManifest.xml:545:9-553:20
	android:exported
		ADDED from src\main\AndroidManifest.xml:545:19-42
	android:name
		ADDED from src\main\AndroidManifest.xml:545:43-104